
> vibe-generated-app@1.0.0 dev
> vite


  VITE v5.4.20  ready in 283 ms

  ➜  Local:   http://localhost:3000/
  ➜  Network: http://172.20.27.6:3000/
7:10:23 AM [vite] Pre-transform error: Transform failed with 1 error:
/home/workspace/src/components/Scanner.jsx:38:24: ERROR: Expected ";" but found "n"
7:10:24 AM [vite] ✨ new dependencies optimized: @splinetool/react-spline
7:10:24 AM [vite] ✨ optimized dependencies changed. reloading
7:10:24 AM [vite] Pre-transform error: Transform failed with 1 error:
/home/workspace/src/components/Scanner.jsx:38:24: ERROR: Expected ";" but found "n"
7:10:27 AM [vite] Internal server error: Transform failed with 1 error:
/home/workspace/src/components/Scanner.jsx:38:24: ERROR: Expected ";" but found "n"
  Plugin: vite:esbuild
  File: /home/workspace/src/components/Scanner.jsx:38:24
  
  Expected ";" but found "n"
  36 |    // Handle camera permission prompt for UX
  37 |    useEffect(() => {
  38 |      const ask = async ()n      => {
     |                          ^
  39 |          try {
  40 |            // Hint the permission flow by requesting camera stream once
  
      at failureErrorWithLog (/home/workspace/node_modules/esbuild/lib/main.js:1472:15)
      at /home/workspace/node_modules/esbuild/lib/main.js:755:50
      at responseCallbacks.<computed> (/home/workspace/node_modules/esbuild/lib/main.js:622:9)
      at handleIncomingPacket (/home/workspace/node_modules/esbuild/lib/main.js:677:12)
      at Socket.readFromStdout (/home/workspace/node_modules/esbuild/lib/main.js:600:7)
      at Socket.emit (node:events:508:28)
      at addChunk (node:internal/streams/readable:559:12)
      at readableAddChunkPushByteMode (node:internal/streams/readable:510:3)
      at Readable.push (node:internal/streams/readable:390:5)
      at Pipe.onStreamRead (node:internal/stream_base_commons:189:23)
7:10:48 AM [vite] Internal server error: Transform failed with 1 error:
/home/workspace/src/components/Scanner.jsx:38:24: ERROR: Expected ";" but found "n"
  Plugin: vite:esbuild
  File: /home/workspace/src/components/Scanner.jsx:38:24
  
  Expected ";" but found "n"
  36 |    // Handle camera permission prompt for UX
  37 |    useEffect(() => {
  38 |      const ask = async ()n      => {
     |                          ^
  39 |          try {
  40 |            // Hint the permission flow by requesting camera stream once
  
      at failureErrorWithLog (/home/workspace/node_modules/esbuild/lib/main.js:1472:15)
      at /home/workspace/node_modules/esbuild/lib/main.js:755:50
      at responseCallbacks.<computed> (/home/workspace/node_modules/esbuild/lib/main.js:622:9)
      at handleIncomingPacket (/home/workspace/node_modules/esbuild/lib/main.js:677:12)
      at Socket.readFromStdout (/home/workspace/node_modules/esbuild/lib/main.js:600:7)
      at Socket.emit (node:events:508:28)
      at addChunk (node:internal/streams/readable:559:12)
      at readableAddChunkPushByteMode (node:internal/streams/readable:510:3)
      at Readable.push (node:internal/streams/readable:390:5)
      at Pipe.onStreamRead (node:internal/stream_base_commons:189:23)
